[2024-06-23T13:47:29.227668+02:00] local.ERROR: An error occurred: SQLSTATE[HY000] [2002] No connection could be made because the target machine actively refused it {"file":"C:\\xampp\\htdocs\\MVC\\app\\src\\vendor\\illuminate\\database\\Connectors\\Connector.php","line":65} []
[2024-06-23T13:47:45.085977+02:00] local.ERROR: An error occurred: Object of class Illuminate\Database\Capsule\Manager could not be converted to string {"file":"C:\\xampp\\htdocs\\MVC\\app\\src\\framework\\System\\Debugger.php","line":27} []
[2024-06-23T13:47:55.279292+02:00] local.ERROR: An error occurred: SQLSTATE[HY000] [2002] No connection could be made because the target machine actively refused it {"file":"C:\\xampp\\htdocs\\MVC\\app\\src\\vendor\\illuminate\\database\\Connectors\\Connector.php","line":65} []
[2024-06-23T13:51:38.551048+02:00] local.ERROR: An error occurred: SQLSTATE[HY000] [2002] No connection could be made because the target machine actively refused it {"file":"C:\\xampp\\htdocs\\MVC\\app\\src\\vendor\\illuminate\\database\\Connectors\\Connector.php","line":65} []
[2024-06-23T13:51:46.701628+02:00] local.ERROR: An error occurred: SQLSTATE[HY000] [1049] Unknown database 'a' {"file":"C:\\xampp\\htdocs\\MVC\\app\\src\\vendor\\illuminate\\database\\Connectors\\Connector.php","line":65} []
[2024-06-23T13:51:48.379012+02:00] local.ERROR: An error occurred: SQLSTATE[HY000] [1049] Unknown database 'a' {"file":"C:\\xampp\\htdocs\\MVC\\app\\src\\vendor\\illuminate\\database\\Connectors\\Connector.php","line":65} []
[2024-06-23T13:52:21.439562+02:00] local.ERROR: An error occurred: Object of class Illuminate\Database\Capsule\Manager could not be converted to string {"file":"C:\\xampp\\htdocs\\MVC\\app\\src\\framework\\System\\Debugger.php","line":27} []
[2024-06-23T13:53:49.874774+02:00] local.ERROR: An error occurred: Object of class Illuminate\Database\Capsule\Manager could not be converted to string {"file":"C:\\xampp\\htdocs\\MVC\\app\\src\\framework\\System\\Debugger.php","line":27} []
[2024-06-23T13:55:05.267681+02:00] local.ERROR: An error occurred: Object of class Illuminate\Database\Capsule\Manager could not be converted to string {"file":"C:\\xampp\\htdocs\\MVC\\app\\src\\framework\\System\\Debugger.php","line":27} []
[2024-06-23T13:56:32.874111+02:00] local.ERROR: An error occurred: Object of class Illuminate\Database\Capsule\Manager could not be converted to string {"file":"C:\\xampp\\htdocs\\MVC\\app\\src\\framework\\System\\Debugger.php","line":27} []
[2024-06-23T14:02:07.820410+02:00] local.ERROR: An error occurred: SQLSTATE[HY000] [2002] No connection could be made because the target machine actively refused it {"file":"C:\\xampp\\htdocs\\MVC\\app\\src\\vendor\\illuminate\\database\\Connectors\\Connector.php","line":65} []
[2024-06-23T14:02:14.498063+02:00] local.ERROR: An error occurred: SQLSTATE[HY000] [1049] Unknown database 'testf' {"file":"C:\\xampp\\htdocs\\MVC\\app\\src\\vendor\\illuminate\\database\\Connectors\\Connector.php","line":65} []
[2024-06-23T14:02:15.571269+02:00] local.ERROR: An error occurred: SQLSTATE[HY000] [1049] Unknown database 'testf' {"file":"C:\\xampp\\htdocs\\MVC\\app\\src\\vendor\\illuminate\\database\\Connectors\\Connector.php","line":65} []
[2024-06-23T14:06:54.457630+02:00] local.ERROR: An error occurred: SQLSTATE[HY000] [2002] No connection could be made because the target machine actively refused it {"file":"C:\\xampp\\htdocs\\MVC\\app\\src\\vendor\\illuminate\\database\\Connectors\\Connector.php","line":65} []
[2024-06-23T14:07:05.037477+02:00] local.ERROR: An error occurred: SQLSTATE[HY000] [2002] No connection could be made because the target machine actively refused it {"file":"C:\\xampp\\htdocs\\MVC\\app\\src\\vendor\\illuminate\\database\\Connectors\\Connector.php","line":65} []
[2024-06-23T14:12:48.719017+02:00] local.ERROR: An error occurred: SQLSTATE[HY000] [2002] No connection could be made because the target machine actively refused it {"file":"C:\\xampp\\htdocs\\MVC\\app\\src\\vendor\\illuminate\\database\\Connectors\\Connector.php","line":65} []
[2024-06-23T14:13:50.450767+02:00] local.ERROR: An error occurred: SQLSTATE[HY000] [2002] No connection could be made because the target machine actively refused it {"file":"C:\\xampp\\htdocs\\MVC\\app\\src\\vendor\\illuminate\\database\\Connectors\\Connector.php","line":65} []
[2024-06-23T14:14:00.672189+02:00] local.ERROR: An error occurred: SQLSTATE[HY000] [2002] No connection could be made because the target machine actively refused it {"file":"C:\\xampp\\htdocs\\MVC\\app\\src\\vendor\\illuminate\\database\\Connectors\\Connector.php","line":65} []
[2024-06-23T14:14:30.638821+02:00] local.ERROR: An error occurred: SQLSTATE[HY000] [2002] No connection could be made because the target machine actively refused it {"file":"C:\\xampp\\htdocs\\MVC\\app\\src\\vendor\\illuminate\\database\\Connectors\\Connector.php","line":65} []
[2024-06-23T14:14:45.234947+02:00] local.ERROR: An error occurred: SQLSTATE[HY000] [2002] No connection could be made because the target machine actively refused it {"file":"C:\\xampp\\htdocs\\MVC\\app\\src\\vendor\\illuminate\\database\\Connectors\\Connector.php","line":65} []
[2024-06-23T14:16:14.344390+02:00] local.ERROR: An error occurred: SQLSTATE[HY000] [2002] No connection could be made because the target machine actively refused it {"file":"C:\\xampp\\htdocs\\MVC\\app\\src\\vendor\\illuminate\\database\\Connectors\\Connector.php","line":65} []
[2024-06-23T14:16:39.645245+02:00] local.ERROR: An error occurred: SQLSTATE[HY000] [2002] No connection could be made because the target machine actively refused it {"file":"C:\\xampp\\htdocs\\MVC\\app\\src\\vendor\\illuminate\\database\\Connectors\\Connector.php","line":65} []
[2024-06-23T14:16:43.805886+02:00] local.ERROR: An error occurred: SQLSTATE[HY000] [2002] No connection could be made because the target machine actively refused it {"file":"C:\\xampp\\htdocs\\MVC\\app\\src\\vendor\\illuminate\\database\\Connectors\\Connector.php","line":65} []
[2024-06-23T14:17:06.158766+02:00] local.ERROR: An error occurred: SQLSTATE[HY000] [2002] No connection could be made because the target machine actively refused it {"file":"C:\\xampp\\htdocs\\MVC\\app\\src\\vendor\\illuminate\\database\\Connectors\\Connector.php","line":65} []
[2024-06-23T14:17:34.635082+02:00] local.ERROR: An error occurred: SQLSTATE[HY000] [2002] No connection could be made because the target machine actively refused it {"file":"C:\\xampp\\htdocs\\MVC\\app\\src\\vendor\\illuminate\\database\\Connectors\\Connector.php","line":65} []
[2024-06-23T14:17:48.145673+02:00] local.ERROR: An error occurred: SQLSTATE[HY000] [2002] No connection could be made because the target machine actively refused it {"file":"C:\\xampp\\htdocs\\MVC\\app\\src\\vendor\\illuminate\\database\\Connectors\\Connector.php","line":65} []
[2024-06-23T14:18:14.413701+02:00] local.ERROR: An error occurred: SQLSTATE[HY000] [2002] No connection could be made because the target machine actively refused it {"file":"C:\\xampp\\htdocs\\MVC\\app\\src\\vendor\\illuminate\\database\\Connectors\\Connector.php","line":65} []
[2024-06-23T14:18:59.217720+02:00] local.ERROR: An error occurred: SQLSTATE[HY000] [2002] No connection could be made because the target machine actively refused it {"file":"C:\\xampp\\htdocs\\MVC\\app\\src\\vendor\\illuminate\\database\\Connectors\\Connector.php","line":65} []
[2024-06-23T14:19:18.926836+02:00] local.ERROR: An error occurred: SQLSTATE[HY000] [2002] No connection could be made because the target machine actively refused it {"file":"C:\\xampp\\htdocs\\MVC\\app\\src\\vendor\\illuminate\\database\\Connectors\\Connector.php","line":65} []
[2024-06-23T14:20:28.079861+02:00] local.ERROR: An error occurred: SQLSTATE[HY000] [2002] No connection could be made because the target machine actively refused it {"file":"C:\\xampp\\htdocs\\MVC\\app\\src\\vendor\\illuminate\\database\\Connectors\\Connector.php","line":65} []
[2024-06-23T14:20:46.281552+02:00] local.ERROR: An error occurred: SQLSTATE[HY000] [2002] No connection could be made because the target machine actively refused it {"file":"C:\\xampp\\htdocs\\MVC\\app\\src\\vendor\\illuminate\\database\\Connectors\\Connector.php","line":65} []
[2024-06-23T14:21:08.098108+02:00] local.ERROR: An error occurred: SQLSTATE[HY000] [2002] No connection could be made because the target machine actively refused it {"file":"C:\\xampp\\htdocs\\MVC\\app\\src\\vendor\\illuminate\\database\\Connectors\\Connector.php","line":65} []
[2024-06-23T14:21:36.745711+02:00] local.ERROR: An error occurred: SQLSTATE[HY000] [2002] No connection could be made because the target machine actively refused it {"file":"C:\\xampp\\htdocs\\MVC\\app\\src\\vendor\\illuminate\\database\\Connectors\\Connector.php","line":65} []
[2024-06-23T14:22:54.469781+02:00] local.ERROR: An error occurred: SQLSTATE[HY000] [2002] No connection could be made because the target machine actively refused it {"file":"C:\\xampp\\htdocs\\MVC\\app\\src\\vendor\\illuminate\\database\\Connectors\\Connector.php","line":65} []
[2024-06-23T14:23:40.401183+02:00] local.ERROR: An error occurred: SQLSTATE[HY000] [2002] No connection could be made because the target machine actively refused it {"file":"C:\\xampp\\htdocs\\MVC\\app\\src\\vendor\\illuminate\\database\\Connectors\\Connector.php","line":65} []
[2024-06-23T14:24:18.396929+02:00] local.ERROR: An error occurred: SQLSTATE[HY000] [2002] No connection could be made because the target machine actively refused it {"file":"C:\\xampp\\htdocs\\MVC\\app\\src\\vendor\\illuminate\\database\\Connectors\\Connector.php","line":65} []
[2024-06-23T14:31:37.266937+02:00] local.ERROR: An error occurred: Unsupported driver []. {"file":"C:\\xampp\\htdocs\\MVC\\app\\src\\vendor\\illuminate\\database\\Connectors\\ConnectionFactory.php","line":277} []
